Using pre-set license
Built from '6000.0/staging' branch; Version is '6000.0.32f1 (b2e806cf271c) revision 11724806'; Using compiler version '193933523'; Build Type 'Release'
OS: 'Windows 10  (10.0.19045) 64bit Core' Language: 'en' Physical Memory: 32693 MB
BatchMode: 1, IsHumanControllingUs: 0, StartBugReporterOnCrash: 0, Is64bit: 1, IsPro: 1

COMMAND LINE ARGUMENTS:
C:\Program Files\Unity\Hub\Editor\6000.0.32f1\Editor\Unity.exe
-adb2
-batchMode
-noUpm
-name
AssetImportWorker4
-projectPath
C:/Users/aliya/Unity Coursework
-logFile
Logs/AssetImportWorker4.log
-srvPort
63445
-job-worker-count
7
-background-job-worker-count
8
-gc-helper-count
1
Successfully changed project path to: C:/Users/aliya/Unity Coursework
C:/Users/aliya/Unity Coursework
[UnityMemory] Configuration Parameters - Can be set up in boot.config
    "memorysetup-bucket-allocator-granularity=16"
    "memorysetup-bucket-allocator-bucket-count=8"
    "memorysetup-bucket-allocator-block-size=33554432"
    "memorysetup-bucket-allocator-block-count=8"
    "memorysetup-main-allocator-block-size=16777216"
    "memorysetup-thread-allocator-block-size=16777216"
    "memorysetup-gfx-main-allocator-block-size=16777216"
    "memorysetup-gfx-thread-allocator-block-size=16777216"
    "memorysetup-cache-allocator-block-size=4194304"
    "memorysetup-typetree-allocator-block-size=2097152"
    "memorysetup-profiler-bucket-allocator-granularity=16"
    "memorysetup-profiler-bucket-allocator-bucket-count=8"
    "memorysetup-profiler-bucket-allocator-block-size=33554432"
    "memorysetup-profiler-bucket-allocator-block-count=8"
    "memorysetup-profiler-allocator-block-size=16777216"
    "memorysetup-profiler-editor-allocator-block-size=1048576"
    "memorysetup-temp-allocator-size-main=16777216"
    "memorysetup-job-temp-allocator-block-size=2097152"
    "memorysetup-job-temp-allocator-block-size-background=1048576"
    "memorysetup-job-temp-allocator-reduction-small-platforms=262144"
    "memorysetup-allocator-temp-initial-block-size-main=262144"
    "memorysetup-allocator-temp-initial-block-size-worker=262144"
    "memorysetup-temp-allocator-size-background-worker=32768"
    "memorysetup-temp-allocator-size-job-worker=262144"
    "memorysetup-temp-allocator-size-preload-manager=33554432"
    "memorysetup-temp-allocator-size-nav-mesh-worker=65536"
    "memorysetup-temp-allocator-size-audio-worker=65536"
    "memorysetup-temp-allocator-size-cloud-worker=32768"
    "memorysetup-temp-allocator-size-gi-baking-worker=262144"
    "memorysetup-temp-allocator-size-gi-baking-worker=262144"
    "memorysetup-temp-allocator-size-gi-baking-worker=262144"
    "memorysetup-temp-allocator-size-gi-baking-worker=262144"
    "memorysetup-temp-allocator-size-gi-baking-worker=262144"
    "memorysetup-temp-allocator-size-gfx=262144"
Player connection [33504]  Target information:

Player connection [33504]  * "[IP] 192.168.10.109 [Port] 0 [Flags] 2 [Guid] 2723994449 [EditorId] 2723994449 [Version] 1048832 [Id] WindowsEditor(7,DESKTOP-47FCTNH) [Debug] 1 [PackageName] WindowsEditor [ProjectName] Editor" 

Player connection [33504] Host joined multi-casting on [225.0.0.222:54997]...
Player connection [33504] Host joined alternative multi-casting on [225.0.0.222:34997]...
JobSystem: Creating JobQueue using job-worker-count value 7
[Physics::Module] Initialized fallback backend.
[Physics::Module] Id: 0xdecafbad
Library Redirect Path: Library/
[Physics::Module] Selected backend.
[Physics::Module] Name: PhysX
[Physics::Module] Id: 0xf2b8ea05
[Physics::Module] SDK Version: 4.1.2
[Physics::Module] Integration Version: 1.0.0
[Physics::Module] Threading Mode: Multi-Threaded
Refreshing native plugins compatible for Editor in 1.88 ms, found 3 plugins.
Preloading 0 native plugins for Editor in 0.00 ms.
Initialize engine version: 6000.0.32f1 (b2e806cf271c)
[Subsystems] Discovering subsystems at path C:/Program Files/Unity/Hub/Editor/6000.0.32f1/Editor/Data/Resources/UnitySubsystems
[Subsystems] Discovering subsystems at path C:/Users/aliya/Unity Coursework/Assets
GfxDevice: creating device client; kGfxThreadingModeNonThreaded
Direct3D:
    Version:  Direct3D 11.0 [level 11.1]
    Renderer: NVIDIA GeForce RTX 4070 SUPER (ID=0x2783)
    Vendor:   NVIDIA
    VRAM:     11999 MB
    Driver:   32.0.15.6094
Initialize mono
Mono path[0] = 'C:/Program Files/Unity/Hub/Editor/6000.0.32f1/Editor/Data/Managed'
Mono path[1] = 'C:/Program Files/Unity/Hub/Editor/6000.0.32f1/Editor/Data/MonoBleedingEdge/lib/mono/unityjit-win32'
Mono config path = 'C:/Program Files/Unity/Hub/Editor/6000.0.32f1/Editor/Data/MonoBleedingEdge/etc'
Using monoOptions --debugger-agent=transport=dt_socket,embedding=1,server=y,suspend=n,address=127.0.0.1:56916
Begin MonoManager ReloadAssembly
Registering precompiled unity dll's ...
Register platform support module: C:/Program Files/Unity/Hub/Editor/6000.0.32f1/Editor/Data/PlaybackEngines/WebGLSupport/UnityEditor.WebGL.Extensions.dll
Register platform support module: C:/Program Files/Unity/Hub/Editor/6000.0.32f1/Editor/Data/PlaybackEngines/WindowsStandaloneSupport/UnityEditor.WindowsStandalone.Extensions.dll
Registered in 0.004879 seconds.
- Loaded All Assemblies, in  0.339 seconds
Native extension for WindowsStandalone target not found
Native extension for WebGL target not found
Mono: successfully reloaded assembly
- Finished resetting the current domain, in  0.256 seconds
Domain Reload Profiling: 592ms
	BeginReloadAssembly (125ms)
		ExecutionOrderSort (0ms)
		DisableScriptedObjects (0ms)
		BackupInstance (0ms)
		ReleaseScriptingObjects (0ms)
		CreateAndSetChildDomain (1ms)
	RebuildCommonClasses (30ms)
	RebuildNativeTypeToScriptingClass (10ms)
	initialDomainReloadingComplete (46ms)
	LoadAllAssembliesAndSetupDomain (125ms)
		LoadAssemblies (121ms)
		RebuildTransferFunctionScriptingTraits (0ms)
		AnalyzeDomain (122ms)
			TypeCache.Refresh (121ms)
				TypeCache.ScanAssembly (109ms)
			BuildScriptInfoCaches (0ms)
			ResolveRequiredComponents (0ms)
	FinalizeReload (256ms)
		ReleaseScriptCaches (0ms)
		RebuildScriptCaches (0ms)
		SetupLoadedEditorAssemblies (225ms)
			LogAssemblyErrors (0ms)
			InitializePlatformSupportModulesInManaged (21ms)
			SetLoadedEditorAssemblies (3ms)
			BeforeProcessingInitializeOnLoad (41ms)
			ProcessInitializeOnLoadAttributes (115ms)
			ProcessInitializeOnLoadMethodAttributes (44ms)
			AfterProcessingInitializeOnLoad (0ms)
			EditorAssembliesLoaded (0ms)
		ExecutionOrderSort2 (0ms)
		AwakeInstancesAfterBackupRestoration (0ms)
========================================================================
Worker process is ready to serve import requests
Import Worker Mode flag is 0x00
Begin MonoManager ReloadAssembly
- Loaded All Assemblies, in  0.576 seconds
Refreshing native plugins compatible for Editor in 1.05 ms, found 3 plugins.
Native extension for WindowsStandalone target not found
Native extension for WebGL target not found
Mono: successfully reloaded assembly
- Finished resetting the current domain, in  0.482 seconds
Domain Reload Profiling: 1053ms
	BeginReloadAssembly (151ms)
		ExecutionOrderSort (0ms)
		DisableScriptedObjects (5ms)
		BackupInstance (0ms)
		ReleaseScriptingObjects (0ms)
		CreateAndSetChildDomain (29ms)
	RebuildCommonClasses (30ms)
	RebuildNativeTypeToScriptingClass (10ms)
	initialDomainReloadingComplete (35ms)
	LoadAllAssembliesAndSetupDomain (345ms)
		LoadAssemblies (274ms)
		RebuildTransferFunctionScriptingTraits (0ms)
		AnalyzeDomain (159ms)
			TypeCache.Refresh (123ms)
				TypeCache.ScanAssembly (113ms)
			BuildScriptInfoCaches (29ms)
			ResolveRequiredComponents (4ms)
	FinalizeReload (482ms)
		ReleaseScriptCaches (0ms)
		RebuildScriptCaches (0ms)
		SetupLoadedEditorAssemblies (398ms)
			LogAssemblyErrors (0ms)
			InitializePlatformSupportModulesInManaged (3ms)
			SetLoadedEditorAssemblies (2ms)
			BeforeProcessingInitializeOnLoad (71ms)
			ProcessInitializeOnLoadAttributes (295ms)
			ProcessInitializeOnLoadMethodAttributes (18ms)
			AfterProcessingInitializeOnLoad (8ms)
			EditorAssembliesLoaded (0ms)
		ExecutionOrderSort2 (0ms)
		AwakeInstancesAfterBackupRestoration (5ms)
Launched and connected shader compiler UnityShaderCompiler.exe after 0.01 seconds
Refreshing native plugins compatible for Editor in 1.09 ms, found 3 plugins.
Preloading 0 native plugins for Editor in 0.00 ms.
Unloading 8 Unused Serialized files (Serialized files now loaded: 0)
Unloading 3672 unused Assets / (0.7 MB). Loaded Objects now: 4159.
Memory consumption went from 83.0 MB to 82.2 MB.
Total: 4.717600 ms (FindLiveObjects: 0.359800 ms CreateObjectMapping: 0.258200 ms MarkObjects: 3.456300 ms  DeleteObjects: 0.642600 ms)

========================================================================
Received Import Request.
  Time since last request: 29977.498112 seconds.
  path: Assets/PolygonalMind/LowPolyOffice/Props/mesh_cleaning_cube.fbx
  artifactKey: Guid(073ad4d1b0bcb9c42999c82f3a243287) Importer(815301076,1909f56bfc062723c751e8b465ee728b)
Start importing Assets/PolygonalMind/LowPolyOffice/Props/mesh_cleaning_cube.fbx using Guid(073ad4d1b0bcb9c42999c82f3a243287) Importer(815301076,1909f56bfc062723c751e8b465ee728b) (PreviewImporter) -> (artifact id: '9f36a46196a4a8b5e3a95cc8aeb271ab') in 0.1132631 seconds
Number of updated asset objects reloaded before import = 0Number of asset objects unloaded after import = 9

========================================================================
Received Import Request.
  Time since last request: 0.486950 seconds.
  path: Assets/PolygonalMind/LowPolyOffice/Props/mesh_cleaning_vroom.fbx
  artifactKey: Guid(d47e9697a1edf004980516e303f52155) Importer(815301076,1909f56bfc062723c751e8b465ee728b)
Start importing Assets/PolygonalMind/LowPolyOffice/Props/mesh_cleaning_vroom.fbx using Guid(d47e9697a1edf004980516e303f52155) Importer(815301076,1909f56bfc062723c751e8b465ee728b) (PreviewImporter) -> (artifact id: 'df139752e5898075c19f13e342f04654') in 0.0139616 seconds
Number of updated asset objects reloaded before import = 0Number of asset objects unloaded after import = 9

========================================================================
Received Import Request.
  Time since last request: 0.021407 seconds.
  path: Assets/PolygonalMind/LowPolyOffice/Props/mesh_clock 1.fbx
  artifactKey: Guid(a0c5c31f3a72cb5489d25412535caaab) Importer(815301076,1909f56bfc062723c751e8b465ee728b)
Start importing Assets/PolygonalMind/LowPolyOffice/Props/mesh_clock 1.fbx using Guid(a0c5c31f3a72cb5489d25412535caaab) Importer(815301076,1909f56bfc062723c751e8b465ee728b) (PreviewImporter) -> (artifact id: 'd375a71b6cd7d7a2b29ebe5b8c07c238') in 0.0150544 seconds
Number of updated asset objects reloaded before import = 0Number of asset objects unloaded after import = 23

========================================================================
Received Import Request.
  Time since last request: 0.432761 seconds.
  path: Assets/PolygonalMind/LowPolyOffice/Props/mesh_coatrack_01.fbx
  artifactKey: Guid(c9b75bcd3297cd34e9790084a023f1a1) Importer(815301076,1909f56bfc062723c751e8b465ee728b)
Start importing Assets/PolygonalMind/LowPolyOffice/Props/mesh_coatrack_01.fbx using Guid(c9b75bcd3297cd34e9790084a023f1a1) Importer(815301076,1909f56bfc062723c751e8b465ee728b) (PreviewImporter) -> (artifact id: 'aa8e1a3ee3cfe601c9d1257872595df6') in 0.0132988 seconds
Number of updated asset objects reloaded before import = 0Number of asset objects unloaded after import = 9

========================================================================
Received Import Request.
  Time since last request: 0.050248 seconds.
  path: Assets/PolygonalMind/LowPolyOffice/Props/mesh_desk_01.fbx
  artifactKey: Guid(42061b0f2f1d4b144b8dcfb9723c9e6e) Importer(815301076,1909f56bfc062723c751e8b465ee728b)
Start importing Assets/PolygonalMind/LowPolyOffice/Props/mesh_desk_01.fbx using Guid(42061b0f2f1d4b144b8dcfb9723c9e6e) Importer(815301076,1909f56bfc062723c751e8b465ee728b) (PreviewImporter) -> (artifact id: 'c9515e7d8285b2590b4a63ba98014d79') in 0.0122232 seconds
Number of updated asset objects reloaded before import = 0Number of asset objects unloaded after import = 10

========================================================================
Received Import Request.
  Time since last request: 0.393509 seconds.
  path: Assets/PolygonalMind/LowPolyOffice/Props/Mesh_Door.fbx
  artifactKey: Guid(1f027cd5c40b5344fb229ca6067e8052) Importer(815301076,1909f56bfc062723c751e8b465ee728b)
Start importing Assets/PolygonalMind/LowPolyOffice/Props/Mesh_Door.fbx using Guid(1f027cd5c40b5344fb229ca6067e8052) Importer(815301076,1909f56bfc062723c751e8b465ee728b) (PreviewImporter) -> (artifact id: '5f724e5164d00a3be0e171b6a070998f') in 0.0164327 seconds
Number of updated asset objects reloaded before import = 0Number of asset objects unloaded after import = 35

========================================================================
Received Import Request.
  Time since last request: 0.010767 seconds.
  path: Assets/PolygonalMind/LowPolyOffice/Props/Mesh_Door_Exit.fbx
  artifactKey: Guid(641bb16b2f0bb0c48857f3cf92cf1aa9) Importer(815301076,1909f56bfc062723c751e8b465ee728b)
Start importing Assets/PolygonalMind/LowPolyOffice/Props/Mesh_Door_Exit.fbx using Guid(641bb16b2f0bb0c48857f3cf92cf1aa9) Importer(815301076,1909f56bfc062723c751e8b465ee728b) (PreviewImporter) -> (artifact id: '675a96512dc1dbe6b3589efbc59c9d51') in 0.0110312 seconds
Number of updated asset objects reloaded before import = 0Number of asset objects unloaded after import = 10

========================================================================
Received Import Request.
  Time since last request: 0.400077 seconds.
  path: Assets/PolygonalMind/LowPolyOffice/Props/mesh_eraser.fbx
  artifactKey: Guid(68fd357edabc8f14ab368201b1678cfc) Importer(815301076,1909f56bfc062723c751e8b465ee728b)
Start importing Assets/PolygonalMind/LowPolyOffice/Props/mesh_eraser.fbx using Guid(68fd357edabc8f14ab368201b1678cfc) Importer(815301076,1909f56bfc062723c751e8b465ee728b) (PreviewImporter) -> (artifact id: '468b1c204e30d1525208abf7b8eecc16') in 0.013336 seconds
Number of updated asset objects reloaded before import = 0Number of asset objects unloaded after import = 9

========================================================================
Received Import Request.
  Time since last request: 0.020109 seconds.
  path: Assets/PolygonalMind/LowPolyOffice/Props/mesh_extinguisher_01.fbx
  artifactKey: Guid(e74d831e5f17ed542a7bbb5f55845c4d) Importer(815301076,1909f56bfc062723c751e8b465ee728b)
Start importing Assets/PolygonalMind/LowPolyOffice/Props/mesh_extinguisher_01.fbx using Guid(e74d831e5f17ed542a7bbb5f55845c4d) Importer(815301076,1909f56bfc062723c751e8b465ee728b) (PreviewImporter) -> (artifact id: 'df839c5954b4c84aa947ce6492bc24ae') in 0.0112 seconds
Number of updated asset objects reloaded before import = 0Number of asset objects unloaded after import = 10

========================================================================
Received Import Request.
  Time since last request: 0.797354 seconds.
  path: Assets/PolygonalMind/LowPolyOffice/Props/mesh_fan.fbx
  artifactKey: Guid(687d190e4762bc54d928c33d43c01e95) Importer(815301076,1909f56bfc062723c751e8b465ee728b)
Start importing Assets/PolygonalMind/LowPolyOffice/Props/mesh_fan.fbx using Guid(687d190e4762bc54d928c33d43c01e95) Importer(815301076,1909f56bfc062723c751e8b465ee728b) (PreviewImporter) -> (artifact id: 'd98713da1563dc7bd7bb9e05fc72a22e') in 0.0157314 seconds
Number of updated asset objects reloaded before import = 0Number of asset objects unloaded after import = 9

========================================================================
Received Import Request.
  Time since last request: 0.018802 seconds.
  path: Assets/PolygonalMind/LowPolyOffice/Props/mesh_figurine.fbx
  artifactKey: Guid(824950d6f1030c34684c4cf547b26119) Importer(815301076,1909f56bfc062723c751e8b465ee728b)
Start importing Assets/PolygonalMind/LowPolyOffice/Props/mesh_figurine.fbx using Guid(824950d6f1030c34684c4cf547b26119) Importer(815301076,1909f56bfc062723c751e8b465ee728b) (PreviewImporter) -> (artifact id: '35857e09eb433ecb79eef3b4a8932386') in 0.0153384 seconds
Number of updated asset objects reloaded before import = 0Number of asset objects unloaded after import = 9

========================================================================
Received Import Request.
  Time since last request: 0.010776 seconds.
  path: Assets/PolygonalMind/LowPolyOffice/Props/mesh_firealarm.fbx
  artifactKey: Guid(272d9501e72e3c44b97e02c68ca6835f) Importer(815301076,1909f56bfc062723c751e8b465ee728b)
Start importing Assets/PolygonalMind/LowPolyOffice/Props/mesh_firealarm.fbx using Guid(272d9501e72e3c44b97e02c68ca6835f) Importer(815301076,1909f56bfc062723c751e8b465ee728b) (PreviewImporter) -> (artifact id: 'fe03a5ef34d3e8ea37ff13263ab868bc') in 0.0177179 seconds
Number of updated asset objects reloaded before import = 0Number of asset objects unloaded after import = 9

========================================================================
Received Import Request.
  Time since last request: 0.393661 seconds.
  path: Assets/PolygonalMind/LowPolyOffice/Props/mesh_fireHose.fbx
  artifactKey: Guid(7cf3a72069c8cd14ab65dc1fbb7f16a4) Importer(815301076,1909f56bfc062723c751e8b465ee728b)
Start importing Assets/PolygonalMind/LowPolyOffice/Props/mesh_fireHose.fbx using Guid(7cf3a72069c8cd14ab65dc1fbb7f16a4) Importer(815301076,1909f56bfc062723c751e8b465ee728b) (PreviewImporter) -> (artifact id: '87775d3c5a45b80e94a2ad7dc7b2c134') in 0.0195728 seconds
Number of updated asset objects reloaded before import = 0Number of asset objects unloaded after import = 9

========================================================================
Received Import Request.
  Time since last request: 0.347936 seconds.
  path: Assets/PolygonalMind/LowPolyOffice/Props/mesh_flexo.fbx
  artifactKey: Guid(3a6e9d20196fd4845aa513aa3c08d70b) Importer(815301076,1909f56bfc062723c751e8b465ee728b)
Start importing Assets/PolygonalMind/LowPolyOffice/Props/mesh_flexo.fbx using Guid(3a6e9d20196fd4845aa513aa3c08d70b) Importer(815301076,1909f56bfc062723c751e8b465ee728b) (PreviewImporter) -> (artifact id: '52f129e0c7016aa8f0e288a630bba9a8') in 0.023053 seconds
Number of updated asset objects reloaded before import = 0Number of asset objects unloaded after import = 9

========================================================================
Received Import Request.
  Time since last request: 0.020271 seconds.
  path: Assets/PolygonalMind/LowPolyOffice/Props/mesh_laptop_01.fbx
  artifactKey: Guid(d01bed409228d1040b01436565a3dec3) Importer(815301076,1909f56bfc062723c751e8b465ee728b)
Start importing Assets/PolygonalMind/LowPolyOffice/Props/mesh_laptop_01.fbx using Guid(d01bed409228d1040b01436565a3dec3) Importer(815301076,1909f56bfc062723c751e8b465ee728b) (PreviewImporter) -> (artifact id: '1ddee342512adeb43bff77a2157f2109') in 0.0097814 seconds
Number of updated asset objects reloaded before import = 0Number of asset objects unloaded after import = 10

========================================================================
Received Import Request.
  Time since last request: 0.310173 seconds.
  path: Assets/PolygonalMind/LowPolyOffice/Props/Mesh_Lingote.fbx
  artifactKey: Guid(a58013f0177348545a4cf949d94789c7) Importer(815301076,1909f56bfc062723c751e8b465ee728b)
Start importing Assets/PolygonalMind/LowPolyOffice/Props/Mesh_Lingote.fbx using Guid(a58013f0177348545a4cf949d94789c7) Importer(815301076,1909f56bfc062723c751e8b465ee728b) (PreviewImporter) -> (artifact id: '7c3c80ba7cd5f93712f30058876e6fd7') in 0.0104192 seconds
Number of updated asset objects reloaded before import = 0Number of asset objects unloaded after import = 8

========================================================================
Received Import Request.
  Time since last request: 0.011492 seconds.
  path: Assets/PolygonalMind/LowPolyOffice/Props/mesh_microwave.fbx
  artifactKey: Guid(780a4a4a4fca95148b5981b43a567a5a) Importer(815301076,1909f56bfc062723c751e8b465ee728b)
Start importing Assets/PolygonalMind/LowPolyOffice/Props/mesh_microwave.fbx using Guid(780a4a4a4fca95148b5981b43a567a5a) Importer(815301076,1909f56bfc062723c751e8b465ee728b) (PreviewImporter) -> (artifact id: '4ae4b3e70a83f00dd8a222fa21d50eaa') in 0.0154314 seconds
Number of updated asset objects reloaded before import = 0Number of asset objects unloaded after import = 16

========================================================================
Received Import Request.
  Time since last request: 0.010395 seconds.
  path: Assets/PolygonalMind/LowPolyOffice/Props/mesh_mouse_01.fbx
  artifactKey: Guid(df376604cbc0d73419a5eb96e06a6a06) Importer(815301076,1909f56bfc062723c751e8b465ee728b)
Start importing Assets/PolygonalMind/LowPolyOffice/Props/mesh_mouse_01.fbx using Guid(df376604cbc0d73419a5eb96e06a6a06) Importer(815301076,1909f56bfc062723c751e8b465ee728b) (PreviewImporter) -> (artifact id: 'c8a088752f89ca0635246528efbfb94d') in 0.0112785 seconds
Number of updated asset objects reloaded before import = 0Number of asset objects unloaded after import = 10

========================================================================
Received Import Request.
  Time since last request: 0.870985 seconds.
  path: Assets/PolygonalMind/LowPolyOffice/Props/mesh_mug.fbx
  artifactKey: Guid(191dcd3db83f64342943a4b8dd6c6157) Importer(815301076,1909f56bfc062723c751e8b465ee728b)
Start importing Assets/PolygonalMind/LowPolyOffice/Props/mesh_mug.fbx using Guid(191dcd3db83f64342943a4b8dd6c6157) Importer(815301076,1909f56bfc062723c751e8b465ee728b) (PreviewImporter) -> (artifact id: '9615e4b7e5b87217c96fab9963ef8861') in 0.0136771 seconds
Number of updated asset objects reloaded before import = 0Number of asset objects unloaded after import = 9

========================================================================
Received Import Request.
  Time since last request: 0.024877 seconds.
  path: Assets/PolygonalMind/LowPolyOffice/Props/mesh_officechair.fbx
  artifactKey: Guid(a3f3f21035a7fec4d8d213a85df99633) Importer(815301076,1909f56bfc062723c751e8b465ee728b)
Start importing Assets/PolygonalMind/LowPolyOffice/Props/mesh_officechair.fbx using Guid(a3f3f21035a7fec4d8d213a85df99633) Importer(815301076,1909f56bfc062723c751e8b465ee728b) (PreviewImporter) -> (artifact id: 'c6709ab4d3aef1d95bb632257d48387c') in 0.0111797 seconds
Number of updated asset objects reloaded before import = 0Number of asset objects unloaded after import = 9

========================================================================
Received Import Request.
  Time since last request: 0.006115 seconds.
  path: Assets/PolygonalMind/LowPolyOffice/Props/mesh_paperbox.fbx
  artifactKey: Guid(b93e089d5d541bc4fb4bd6138ac1ec7c) Importer(815301076,1909f56bfc062723c751e8b465ee728b)
Start importing Assets/PolygonalMind/LowPolyOffice/Props/mesh_paperbox.fbx using Guid(b93e089d5d541bc4fb4bd6138ac1ec7c) Importer(815301076,1909f56bfc062723c751e8b465ee728b) (PreviewImporter) -> (artifact id: '7ff298117af1bfd909d70906bda3dbe4') in 0.0108252 seconds
Number of updated asset objects reloaded before import = 0Number of asset objects unloaded after import = 9

========================================================================
Received Import Request.
  Time since last request: 0.422295 seconds.
  path: Assets/PolygonalMind/LowPolyOffice/Props/mesh_PC_01.fbx
  artifactKey: Guid(49ddef57dd87da2489028c9f6666f2fc) Importer(815301076,1909f56bfc062723c751e8b465ee728b)
Start importing Assets/PolygonalMind/LowPolyOffice/Props/mesh_PC_01.fbx using Guid(49ddef57dd87da2489028c9f6666f2fc) Importer(815301076,1909f56bfc062723c751e8b465ee728b) (PreviewImporter) -> (artifact id: '435ed590b7f2d074a6c4bc7ba94f6467') in 0.0135982 seconds
Number of updated asset objects reloaded before import = 0Number of asset objects unloaded after import = 10

========================================================================
Received Import Request.
  Time since last request: 0.000737 seconds.
  path: Assets/PolygonalMind/LowPolyOffice/Props/mesh_pen_01.fbx
  artifactKey: Guid(fe8110ab3fb4cb040a78004d51cc44e3) Importer(815301076,1909f56bfc062723c751e8b465ee728b)
Start importing Assets/PolygonalMind/LowPolyOffice/Props/mesh_pen_01.fbx using Guid(fe8110ab3fb4cb040a78004d51cc44e3) Importer(815301076,1909f56bfc062723c751e8b465ee728b) (PreviewImporter) -> (artifact id: 'b047c336265fcb68f20d388524631b6b') in 0.010552 seconds
Number of updated asset objects reloaded before import = 0Number of asset objects unloaded after import = 9

========================================================================
Received Import Request.
  Time since last request: 0.015221 seconds.
  path: Assets/PolygonalMind/LowPolyOffice/Props/mesh_phone_01.fbx
  artifactKey: Guid(0bae4f35a5b343c45af58790b4bde558) Importer(815301076,1909f56bfc062723c751e8b465ee728b)
Start importing Assets/PolygonalMind/LowPolyOffice/Props/mesh_phone_01.fbx using Guid(0bae4f35a5b343c45af58790b4bde558) Importer(815301076,1909f56bfc062723c751e8b465ee728b) (PreviewImporter) -> (artifact id: '7214f6a431f4bc87e955d8fb1445f973') in 0.0096454 seconds
Number of updated asset objects reloaded before import = 0Number of asset objects unloaded after import = 10

========================================================================
Received Import Request.
  Time since last request: 0.325914 seconds.
  path: Assets/PolygonalMind/LowPolyOffice/Props/mesh_photo.fbx
  artifactKey: Guid(5e7c9835ef504ec4b946488ea4724292) Importer(815301076,1909f56bfc062723c751e8b465ee728b)
Start importing Assets/PolygonalMind/LowPolyOffice/Props/mesh_photo.fbx using Guid(5e7c9835ef504ec4b946488ea4724292) Importer(815301076,1909f56bfc062723c751e8b465ee728b) (PreviewImporter) -> (artifact id: '39035efc91be82d25a3bde6f6f2a8c45') in 0.0106897 seconds
Number of updated asset objects reloaded before import = 0Number of asset objects unloaded after import = 9

========================================================================
Received Import Request.
  Time since last request: 0.022966 seconds.
  path: Assets/PolygonalMind/LowPolyOffice/Props/mesh_plant_a_01.fbx
  artifactKey: Guid(6ce5771815230b44385950608b58d253) Importer(815301076,1909f56bfc062723c751e8b465ee728b)
Start importing Assets/PolygonalMind/LowPolyOffice/Props/mesh_plant_a_01.fbx using Guid(6ce5771815230b44385950608b58d253) Importer(815301076,1909f56bfc062723c751e8b465ee728b) (PreviewImporter) -> (artifact id: '9331ee02d435d0205fc0eb5d79e3d01d') in 0.0107263 seconds
Number of updated asset objects reloaded before import = 0Number of asset objects unloaded after import = 10

========================================================================
Received Import Request.
  Time since last request: 0.009612 seconds.
  path: Assets/PolygonalMind/LowPolyOffice/Props/mesh_plant_b_01.fbx
  artifactKey: Guid(8bdb4a45ed93f8b4bbd8b5938bafbc81) Importer(815301076,1909f56bfc062723c751e8b465ee728b)
Start importing Assets/PolygonalMind/LowPolyOffice/Props/mesh_plant_b_01.fbx using Guid(8bdb4a45ed93f8b4bbd8b5938bafbc81) Importer(815301076,1909f56bfc062723c751e8b465ee728b) (PreviewImporter) -> (artifact id: 'f4770c2ddca3a0300c3954670fd37abb') in 0.0099808 seconds
Number of updated asset objects reloaded before import = 0Number of asset objects unloaded after import = 10

========================================================================
Received Import Request.
  Time since last request: 0.441212 seconds.
  path: Assets/PolygonalMind/LowPolyOffice/Props/mesh_printer_01.fbx
  artifactKey: Guid(4543e83de58b4c646827eff79fcdd061) Importer(815301076,1909f56bfc062723c751e8b465ee728b)
Start importing Assets/PolygonalMind/LowPolyOffice/Props/mesh_printer_01.fbx using Guid(4543e83de58b4c646827eff79fcdd061) Importer(815301076,1909f56bfc062723c751e8b465ee728b) (PreviewImporter) -> (artifact id: '183a9b568412d77cfe8477f5471c8d4f') in 0.0133435 seconds
Number of updated asset objects reloaded before import = 0Number of asset objects unloaded after import = 10

========================================================================
Received Import Request.
  Time since last request: 0.020258 seconds.
  path: Assets/PolygonalMind/LowPolyOffice/Props/mesh_recepcionisttable.fbx
  artifactKey: Guid(16ed1442f6f4e93409002d0f5fec73cc) Importer(815301076,1909f56bfc062723c751e8b465ee728b)
Start importing Assets/PolygonalMind/LowPolyOffice/Props/mesh_recepcionisttable.fbx using Guid(16ed1442f6f4e93409002d0f5fec73cc) Importer(815301076,1909f56bfc062723c751e8b465ee728b) (PreviewImporter) -> (artifact id: 'cd8f4b7096918f5386588ed9a774f24f') in 0.0107442 seconds
Number of updated asset objects reloaded before import = 0Number of asset objects unloaded after import = 9

========================================================================
Received Import Request.
  Time since last request: 0.023630 seconds.
  path: Assets/PolygonalMind/LowPolyOffice/Props/mesh_safebox_01.fbx
  artifactKey: Guid(4bd711a34ca838c41afde7b040cd2369) Importer(815301076,1909f56bfc062723c751e8b465ee728b)
Start importing Assets/PolygonalMind/LowPolyOffice/Props/mesh_safebox_01.fbx using Guid(4bd711a34ca838c41afde7b040cd2369) Importer(815301076,1909f56bfc062723c751e8b465ee728b) (PreviewImporter) -> (artifact id: '939144526a83989b2bdc47bb6e41a272') in 0.0102438 seconds
Number of updated asset objects reloaded before import = 0Number of asset objects unloaded after import = 10

========================================================================
Received Import Request.
  Time since last request: 0.545522 seconds.
  path: Assets/PolygonalMind/LowPolyOffice/Props/mesh_shelf_01.fbx
  artifactKey: Guid(bcfec9a09800316479a203487f979f29) Importer(815301076,1909f56bfc062723c751e8b465ee728b)
Start importing Assets/PolygonalMind/LowPolyOffice/Props/mesh_shelf_01.fbx using Guid(bcfec9a09800316479a203487f979f29) Importer(815301076,1909f56bfc062723c751e8b465ee728b) (PreviewImporter) -> (artifact id: 'be1388fef41a047c9d4d63249852e419') in 0.0123877 seconds
Number of updated asset objects reloaded before import = 0Number of asset objects unloaded after import = 10

========================================================================
Received Import Request.
  Time since last request: 0.010467 seconds.
  path: Assets/PolygonalMind/LowPolyOffice/Props/mesh_shredder.fbx
  artifactKey: Guid(6b947d46edee463439593ad16657fc4a) Importer(815301076,1909f56bfc062723c751e8b465ee728b)
Start importing Assets/PolygonalMind/LowPolyOffice/Props/mesh_shredder.fbx using Guid(6b947d46edee463439593ad16657fc4a) Importer(815301076,1909f56bfc062723c751e8b465ee728b) (PreviewImporter) -> (artifact id: 'fc23b30acd0e201b8bd2174b7dceafb2') in 0.0114073 seconds
Number of updated asset objects reloaded before import = 0Number of asset objects unloaded after import = 9

========================================================================
Received Import Request.
  Time since last request: 0.570040 seconds.
  path: Assets/PolygonalMind/LowPolyOffice/Props/mesh_smoke.fbx
  artifactKey: Guid(1402fcdded917d3428188a154ea6ddb8) Importer(815301076,1909f56bfc062723c751e8b465ee728b)
Start importing Assets/PolygonalMind/LowPolyOffice/Props/mesh_smoke.fbx using Guid(1402fcdded917d3428188a154ea6ddb8) Importer(815301076,1909f56bfc062723c751e8b465ee728b) (PreviewImporter) -> (artifact id: '631bcf8b9c139e3e992dd8c6dde67651') in 0.0140393 seconds
Number of updated asset objects reloaded before import = 0Number of asset objects unloaded after import = 9

========================================================================
Received Import Request.
  Time since last request: 0.011887 seconds.
  path: Assets/PolygonalMind/LowPolyOffice/Props/mesh_sofa.fbx
  artifactKey: Guid(ad168f78fcb2d214c978f0f537eba8ca) Importer(815301076,1909f56bfc062723c751e8b465ee728b)
Start importing Assets/PolygonalMind/LowPolyOffice/Props/mesh_sofa.fbx using Guid(ad168f78fcb2d214c978f0f537eba8ca) Importer(815301076,1909f56bfc062723c751e8b465ee728b) (PreviewImporter) -> (artifact id: '764453986ea13dadb288af7dd372da1e') in 0.024565 seconds
Number of updated asset objects reloaded before import = 0Number of asset objects unloaded after import = 21

========================================================================
Received Import Request.
  Time since last request: 0.937203 seconds.
  path: Assets/PolygonalMind/LowPolyOffice/Props/mesh_stamp.fbx
  artifactKey: Guid(3ace4874a506ab845b660c5c2fb50b8a) Importer(815301076,1909f56bfc062723c751e8b465ee728b)
Start importing Assets/PolygonalMind/LowPolyOffice/Props/mesh_stamp.fbx using Guid(3ace4874a506ab845b660c5c2fb50b8a) Importer(815301076,1909f56bfc062723c751e8b465ee728b) (PreviewImporter) -> (artifact id: '5a05c2d4d41526bafed5dc9d59371b0c') in 0.0159168 seconds
Number of updated asset objects reloaded before import = 0Number of asset objects unloaded after import = 9

========================================================================
Received Import Request.
  Time since last request: 1100.739607 seconds.
  path: Assets/PolygonalMind/LowPolyOffice/Props/Mesh_Stapler.fbx
  artifactKey: Guid(d8a4a5ae3c6eec741b082105b15c8ae0) Importer(815301076,1909f56bfc062723c751e8b465ee728b)
Start importing Assets/PolygonalMind/LowPolyOffice/Props/Mesh_Stapler.fbx using Guid(d8a4a5ae3c6eec741b082105b15c8ae0) Importer(815301076,1909f56bfc062723c751e8b465ee728b) (PreviewImporter) -> (artifact id: '5aee1d9252f83ce72bdafa1a74e02da5') in 0.0173996 seconds
Number of updated asset objects reloaded before import = 0Number of asset objects unloaded after import = 27

========================================================================
Received Import Request.
  Time since last request: 0.354785 seconds.
  path: Assets/PolygonalMind/LowPolyOffice/Props/mesh_suitcase.fbx
  artifactKey: Guid(5626c511a4665b244b2b0c1069142c16) Importer(815301076,1909f56bfc062723c751e8b465ee728b)
Start importing Assets/PolygonalMind/LowPolyOffice/Props/mesh_suitcase.fbx using Guid(5626c511a4665b244b2b0c1069142c16) Importer(815301076,1909f56bfc062723c751e8b465ee728b) (PreviewImporter) -> (artifact id: '817e60abdd7e7e5ec74b8205dd2ae6d9') in 0.0139094 seconds
Number of updated asset objects reloaded before import = 0Number of asset objects unloaded after import = 9

========================================================================
Received Import Request.
  Time since last request: 0.023873 seconds.
  path: Assets/PolygonalMind/LowPolyOffice/Props/mesh_table_a_01.fbx
  artifactKey: Guid(6f2edcb5c8690d446b62b285782079db) Importer(815301076,1909f56bfc062723c751e8b465ee728b)
Start importing Assets/PolygonalMind/LowPolyOffice/Props/mesh_table_a_01.fbx using Guid(6f2edcb5c8690d446b62b285782079db) Importer(815301076,1909f56bfc062723c751e8b465ee728b) (PreviewImporter) -> (artifact id: 'c98c8abc49285a36d828bcd52c87128b') in 0.0105586 seconds
Number of updated asset objects reloaded before import = 0Number of asset objects unloaded after import = 9

========================================================================
Received Import Request.
  Time since last request: 0.024767 seconds.
  path: Assets/PolygonalMind/LowPolyOffice/Props/mesh_table_b_01.fbx
  artifactKey: Guid(6d2bdd4720a7ac44687edae6f95a1258) Importer(815301076,1909f56bfc062723c751e8b465ee728b)
Start importing Assets/PolygonalMind/LowPolyOffice/Props/mesh_table_b_01.fbx using Guid(6d2bdd4720a7ac44687edae6f95a1258) Importer(815301076,1909f56bfc062723c751e8b465ee728b) (PreviewImporter) -> (artifact id: '17f2207a4d90d10c066502d09bccefdf') in 0.0097483 seconds
Number of updated asset objects reloaded before import = 0Number of asset objects unloaded after import = 9

========================================================================
Received Import Request.
  Time since last request: 0.014370 seconds.
  path: Assets/PolygonalMind/LowPolyOffice/Props/mesh_toolbox.fbx
  artifactKey: Guid(0873ee0553f90d543bf619b564bd9611) Importer(815301076,1909f56bfc062723c751e8b465ee728b)
Start importing Assets/PolygonalMind/LowPolyOffice/Props/mesh_toolbox.fbx using Guid(0873ee0553f90d543bf619b564bd9611) Importer(815301076,1909f56bfc062723c751e8b465ee728b) (PreviewImporter) -> (artifact id: '9e09d0c698cf8e956809fd85382444a9') in 0.0104914 seconds
Number of updated asset objects reloaded before import = 0Number of asset objects unloaded after import = 9

========================================================================
Received Import Request.
  Time since last request: 0.298720 seconds.
  path: Assets/PolygonalMind/LowPolyOffice/Props/mesh_tv_01.fbx
  artifactKey: Guid(98b918f337566884ca93f0222c5e24bd) Importer(815301076,1909f56bfc062723c751e8b465ee728b)
Start importing Assets/PolygonalMind/LowPolyOffice/Props/mesh_tv_01.fbx using Guid(98b918f337566884ca93f0222c5e24bd) Importer(815301076,1909f56bfc062723c751e8b465ee728b) (PreviewImporter) -> (artifact id: '83f6e56b81ae48e954ca3e9b98d3b438') in 0.0109663 seconds
Number of updated asset objects reloaded before import = 0Number of asset objects unloaded after import = 10

========================================================================
Received Import Request.
  Time since last request: 0.001326 seconds.
  path: Assets/PolygonalMind/LowPolyOffice/Props/mesh_vr_01.fbx
  artifactKey: Guid(b7b25063469096f42adc4e3ffa7525a0) Importer(815301076,1909f56bfc062723c751e8b465ee728b)
Start importing Assets/PolygonalMind/LowPolyOffice/Props/mesh_vr_01.fbx using Guid(b7b25063469096f42adc4e3ffa7525a0) Importer(815301076,1909f56bfc062723c751e8b465ee728b) (PreviewImporter) -> (artifact id: '5435a019ae9da9a23b6fa499cc947540') in 0.0098964 seconds
Number of updated asset objects reloaded before import = 0Number of asset objects unloaded after import = 10

========================================================================
Received Import Request.
  Time since last request: 0.016565 seconds.
  path: Assets/PolygonalMind/LowPolyOffice/Props/Mesh_Wall_Corner.fbx
  artifactKey: Guid(a59d018e9c14e9b438d8a9cdba59c5d8) Importer(815301076,1909f56bfc062723c751e8b465ee728b)
Start importing Assets/PolygonalMind/LowPolyOffice/Props/Mesh_Wall_Corner.fbx using Guid(a59d018e9c14e9b438d8a9cdba59c5d8) Importer(815301076,1909f56bfc062723c751e8b465ee728b) (PreviewImporter) -> (artifact id: 'cdce45667a5dfdcbfca66fe2254948d2') in 0.0099956 seconds
Number of updated asset objects reloaded before import = 0Number of asset objects unloaded after import = 9

========================================================================
Received Import Request.
  Time since last request: 1.379151 seconds.
  path: Assets/granite_tile_diff_4k.jpg
  artifactKey: Guid(f2315e733cab87748b3a8bfaf6c1ee42) Importer(815301076,1909f56bfc062723c751e8b465ee728b)
Start importing Assets/granite_tile_diff_4k.jpg using Guid(f2315e733cab87748b3a8bfaf6c1ee42) Importer(815301076,1909f56bfc062723c751e8b465ee728b) (PreviewImporter) -> (artifact id: '265f4800cf569970df78efdb4d17e666') in 0.0202695 seconds
Number of updated asset objects reloaded before import = 0Number of asset objects unloaded after import = 2

========================================================================
Received Import Request.
  Time since last request: 20.957915 seconds.
  path: Assets/granite_tile_diff_4k.jpg
  artifactKey: Guid(f2315e733cab87748b3a8bfaf6c1ee42) Importer(815301076,1909f56bfc062723c751e8b465ee728b)
Start importing Assets/granite_tile_diff_4k.jpg using Guid(f2315e733cab87748b3a8bfaf6c1ee42) Importer(815301076,1909f56bfc062723c751e8b465ee728b) (PreviewImporter) -> (artifact id: '885b7d0041f4926e2a6c28ece4c9b51a') in 0.0314809 seconds
Number of updated asset objects reloaded before import = 0Number of asset objects unloaded after import = 2

========================================================================
Received Import Request.
  Time since last request: 8.697799 seconds.
  path: Assets/granite_tile_diff_4k.jpg
  artifactKey: Guid(f2315e733cab87748b3a8bfaf6c1ee42) Importer(815301076,1909f56bfc062723c751e8b465ee728b)
Start importing Assets/granite_tile_diff_4k.jpg using Guid(f2315e733cab87748b3a8bfaf6c1ee42) Importer(815301076,1909f56bfc062723c751e8b465ee728b) (PreviewImporter) -> (artifact id: '61df2cf2cee614b01258474b921cddc2') in 0.0194189 seconds
Number of updated asset objects reloaded before import = 0Number of asset objects unloaded after import = 2

========================================================================
Received Prepare
Begin MonoManager ReloadAssembly
- Loaded All Assemblies, in  0.566 seconds
Refreshing native plugins compatible for Editor in 1.42 ms, found 3 plugins.
Native extension for WindowsStandalone target not found
Native extension for WebGL target not found
Mono: successfully reloaded assembly
- Finished resetting the current domain, in  0.516 seconds
Domain Reload Profiling: 1078ms
	BeginReloadAssembly (179ms)
		ExecutionOrderSort (0ms)
		DisableScriptedObjects (5ms)
		BackupInstance (0ms)
		ReleaseScriptingObjects (0ms)
		CreateAndSetChildDomain (44ms)
	RebuildCommonClasses (32ms)
	RebuildNativeTypeToScriptingClass (12ms)
	initialDomainReloadingComplete (29ms)
	LoadAllAssembliesAndSetupDomain (310ms)
		LoadAssemblies (281ms)
		RebuildTransferFunctionScriptingTraits (0ms)
		AnalyzeDomain (121ms)
			TypeCache.Refresh (6ms)
				TypeCache.ScanAssembly (0ms)
			BuildScriptInfoCaches (108ms)
			ResolveRequiredComponents (4ms)
	FinalizeReload (517ms)
		ReleaseScriptCaches (0ms)
		RebuildScriptCaches (0ms)
		SetupLoadedEditorAssemblies (420ms)
			LogAssemblyErrors (0ms)
			InitializePlatformSupportModulesInManaged (3ms)
			SetLoadedEditorAssemblies (3ms)
			BeforeProcessingInitializeOnLoad (81ms)
			ProcessInitializeOnLoadAttributes (304ms)
			ProcessInitializeOnLoadMethodAttributes (19ms)
			AfterProcessingInitializeOnLoad (9ms)
			EditorAssembliesLoaded (0ms)
		ExecutionOrderSort2 (0ms)
		AwakeInstancesAfterBackupRestoration (5ms)
Refreshing native plugins compatible for Editor in 1.37 ms, found 3 plugins.
Preloading 0 native plugins for Editor in 0.00 ms.
Unloading 1 Unused Serialized files (Serialized files now loaded: 0)
Unloading 3670 unused Assets / (0.9 MB). Loaded Objects now: 4175.
Memory consumption went from 87.1 MB to 86.2 MB.
Total: 5.252400 ms (FindLiveObjects: 0.392800 ms CreateObjectMapping: 0.270300 ms MarkObjects: 3.734000 ms  DeleteObjects: 0.854500 ms)

Prepare: number of updated asset objects reloaded= 0
========================================================================
Received Import Request.
  Time since last request: 622.053603 seconds.
  path: Assets/Mini Toon Office/Prefabs/props prefabs/toon_office_desk.prefab
  artifactKey: Guid(4d0f11df00a954898acb314f59db9866) Importer(815301076,1909f56bfc062723c751e8b465ee728b)
Start importing Assets/Mini Toon Office/Prefabs/props prefabs/toon_office_desk.prefab using Guid(4d0f11df00a954898acb314f59db9866) Importer(815301076,1909f56bfc062723c751e8b465ee728b) (PreviewImporter) -> (artifact id: '875489720de481061653d5b8423524e4') in 0.0971647 seconds
Number of updated asset objects reloaded before import = 0Number of asset objects unloaded after import = 9

========================================================================
Received Import Request.
  Time since last request: 0.000014 seconds.
  path: Assets/Mini Toon Office/Prefabs/props prefabs/toon_office_pilot_blue.prefab
  artifactKey: Guid(3a8cf12175ae6400dab162dff4927dc4) Importer(815301076,1909f56bfc062723c751e8b465ee728b)
Start importing Assets/Mini Toon Office/Prefabs/props prefabs/toon_office_pilot_blue.prefab using Guid(3a8cf12175ae6400dab162dff4927dc4) Importer(815301076,1909f56bfc062723c751e8b465ee728b) (PreviewImporter) -> (artifact id: '59785e364435534e0a28e8cd3e88093f') in 0.0100634 seconds
Number of updated asset objects reloaded before import = 0Number of asset objects unloaded after import = 9

========================================================================
Received Import Request.
  Time since last request: 0.000011 seconds.
  path: Assets/Mini Toon Office/Prefabs/props prefabs/toon_office_notepad.prefab
  artifactKey: Guid(0ead29c770bf744edb5d1bb35396fd9a) Importer(815301076,1909f56bfc062723c751e8b465ee728b)
Start importing Assets/Mini Toon Office/Prefabs/props prefabs/toon_office_notepad.prefab using Guid(0ead29c770bf744edb5d1bb35396fd9a) Importer(815301076,1909f56bfc062723c751e8b465ee728b) (PreviewImporter) -> (artifact id: 'dd3af72f6b8a6079bcbd4bc9aeb25475') in 0.0110735 seconds
Number of updated asset objects reloaded before import = 0Number of asset objects unloaded after import = 16

========================================================================
Received Import Request.
  Time since last request: 0.000010 seconds.
  path: Assets/Mini Toon Office/Prefabs/tiles prefabs/toon_office_tile_ground_high.prefab
  artifactKey: Guid(b784b000d1b1541808634117f03cc02a) Importer(815301076,1909f56bfc062723c751e8b465ee728b)
Start importing Assets/Mini Toon Office/Prefabs/tiles prefabs/toon_office_tile_ground_high.prefab using Guid(b784b000d1b1541808634117f03cc02a) Importer(815301076,1909f56bfc062723c751e8b465ee728b) (PreviewImporter) -> (artifact id: '9f8c03bdd9bc0e0e1ef0267bb0eebf57') in 0.0107391 seconds
Number of updated asset objects reloaded before import = 0Number of asset objects unloaded after import = 9

========================================================================
Received Import Request.
  Time since last request: 61.586040 seconds.
  path: Assets/TT_demo_male_B.prefab
  artifactKey: Guid(10af3e4c19356f140a5154e3e2486680) Importer(815301076,1909f56bfc062723c751e8b465ee728b)
Start importing Assets/TT_demo_male_B.prefab using Guid(10af3e4c19356f140a5154e3e2486680) Importer(815301076,1909f56bfc062723c751e8b465ee728b) (PreviewImporter) -> (artifact id: '6c1dfd15206e0746b4593d0f154e2382') in 0.0396267 seconds
Number of updated asset objects reloaded before import = 0Number of asset objects unloaded after import = 151

========================================================================
Received Prepare
Begin MonoManager ReloadAssembly
- Loaded All Assemblies, in  0.579 seconds
Refreshing native plugins compatible for Editor in 1.32 ms, found 3 plugins.
Native extension for WindowsStandalone target not found
Native extension for WebGL target not found
Mono: successfully reloaded assembly
- Finished resetting the current domain, in  0.529 seconds
Domain Reload Profiling: 1105ms
	BeginReloadAssembly (186ms)
		ExecutionOrderSort (0ms)
		DisableScriptedObjects (5ms)
		BackupInstance (0ms)
		ReleaseScriptingObjects (0ms)
		CreateAndSetChildDomain (44ms)
	RebuildCommonClasses (31ms)
	RebuildNativeTypeToScriptingClass (13ms)
	initialDomainReloadingComplete (27ms)
	LoadAllAssembliesAndSetupDomain (318ms)
		LoadAssemblies (297ms)
		RebuildTransferFunctionScriptingTraits (0ms)
		AnalyzeDomain (120ms)
			TypeCache.Refresh (7ms)
				TypeCache.ScanAssembly (0ms)
			BuildScriptInfoCaches (107ms)
			ResolveRequiredComponents (4ms)
	FinalizeReload (530ms)
		ReleaseScriptCaches (0ms)
		RebuildScriptCaches (0ms)
		SetupLoadedEditorAssemblies (429ms)
			LogAssemblyErrors (0ms)
			InitializePlatformSupportModulesInManaged (3ms)
			SetLoadedEditorAssemblies (2ms)
			BeforeProcessingInitializeOnLoad (85ms)
			ProcessInitializeOnLoadAttributes (309ms)
			ProcessInitializeOnLoadMethodAttributes (21ms)
			AfterProcessingInitializeOnLoad (10ms)
			EditorAssembliesLoaded (0ms)
		ExecutionOrderSort2 (0ms)
		AwakeInstancesAfterBackupRestoration (5ms)
Refreshing native plugins compatible for Editor in 1.47 ms, found 3 plugins.
Preloading 0 native plugins for Editor in 0.00 ms.
Unloading 0 Unused Serialized files (Serialized files now loaded: 0)
Unloading 3670 unused Assets / (0.8 MB). Loaded Objects now: 4176.
Memory consumption went from 96.3 MB to 95.5 MB.
Total: 5.970000 ms (FindLiveObjects: 0.374200 ms CreateObjectMapping: 0.301900 ms MarkObjects: 4.451800 ms  DeleteObjects: 0.841400 ms)

Prepare: number of updated asset objects reloaded= 0
========================================================================
Received Prepare
Begin MonoManager ReloadAssembly
- Loaded All Assemblies, in  0.610 seconds
Refreshing native plugins compatible for Editor in 1.17 ms, found 3 plugins.
Native extension for WindowsStandalone target not found
Native extension for WebGL target not found
Mono: successfully reloaded assembly
- Finished resetting the current domain, in  0.541 seconds
Domain Reload Profiling: 1149ms
	BeginReloadAssembly (186ms)
		ExecutionOrderSort (0ms)
		DisableScriptedObjects (5ms)
		BackupInstance (0ms)
		ReleaseScriptingObjects (0ms)
		CreateAndSetChildDomain (46ms)
	RebuildCommonClasses (38ms)
	RebuildNativeTypeToScriptingClass (12ms)
	initialDomainReloadingComplete (26ms)
	LoadAllAssembliesAndSetupDomain (346ms)
		LoadAssemblies (294ms)
		RebuildTransferFunctionScriptingTraits (0ms)
		AnalyzeDomain (148ms)
			TypeCache.Refresh (8ms)
				TypeCache.ScanAssembly (0ms)
			BuildScriptInfoCaches (132ms)
			ResolveRequiredComponents (5ms)
	FinalizeReload (542ms)
		ReleaseScriptCaches (0ms)
		RebuildScriptCaches (0ms)
		SetupLoadedEditorAssemblies (444ms)
			LogAssemblyErrors (0ms)
			InitializePlatformSupportModulesInManaged (3ms)
			SetLoadedEditorAssemblies (2ms)
			BeforeProcessingInitializeOnLoad (86ms)
			ProcessInitializeOnLoadAttributes (322ms)
			ProcessInitializeOnLoadMethodAttributes (22ms)
			AfterProcessingInitializeOnLoad (9ms)
			EditorAssembliesLoaded (0ms)
		ExecutionOrderSort2 (0ms)
		AwakeInstancesAfterBackupRestoration (5ms)
Refreshing native plugins compatible for Editor in 1.38 ms, found 3 plugins.
Preloading 0 native plugins for Editor in 0.00 ms.
Unloading 0 Unused Serialized files (Serialized files now loaded: 0)
Unloading 3670 unused Assets / (0.9 MB). Loaded Objects now: 4176.
Memory consumption went from 96.3 MB to 95.3 MB.
Total: 6.198900 ms (FindLiveObjects: 0.593300 ms CreateObjectMapping: 0.219800 ms MarkObjects: 4.491700 ms  DeleteObjects: 0.893200 ms)

Prepare: number of updated asset objects reloaded= 0
========================================================================
Received Import Request.
  Time since last request: 37.104762 seconds.
  path: Assets/TT_demo_male_B.prefab
  artifactKey: Guid(10af3e4c19356f140a5154e3e2486680) Importer(815301076,1909f56bfc062723c751e8b465ee728b)
Start importing Assets/TT_demo_male_B.prefab using Guid(10af3e4c19356f140a5154e3e2486680) Importer(815301076,1909f56bfc062723c751e8b465ee728b) (PreviewImporter) -> (artifact id: 'd3ea45b2c6e813741616e7df84e5dc47') in 0.0736961 seconds
Number of updated asset objects reloaded before import = 0Number of asset objects unloaded after import = 151

========================================================================
Received Prepare
Begin MonoManager ReloadAssembly
- Loaded All Assemblies, in  0.570 seconds
Refreshing native plugins compatible for Editor in 1.15 ms, found 3 plugins.
Native extension for WindowsStandalone target not found
Native extension for WebGL target not found
Mono: successfully reloaded assembly
- Finished resetting the current domain, in  0.493 seconds
Domain Reload Profiling: 1060ms
	BeginReloadAssembly (179ms)
		ExecutionOrderSort (0ms)
		DisableScriptedObjects (4ms)
		BackupInstance (0ms)
		ReleaseScriptingObjects (0ms)
		CreateAndSetChildDomain (43ms)
	RebuildCommonClasses (29ms)
	RebuildNativeTypeToScriptingClass (10ms)
	initialDomainReloadingComplete (26ms)
	LoadAllAssembliesAndSetupDomain (321ms)
		LoadAssemblies (291ms)
		RebuildTransferFunctionScriptingTraits (0ms)
		AnalyzeDomain (124ms)
			TypeCache.Refresh (7ms)
				TypeCache.ScanAssembly (0ms)
			BuildScriptInfoCaches (110ms)
			ResolveRequiredComponents (4ms)
	FinalizeReload (494ms)
		ReleaseScriptCaches (0ms)
		RebuildScriptCaches (0ms)
		SetupLoadedEditorAssemblies (407ms)
			LogAssemblyErrors (0ms)
			InitializePlatformSupportModulesInManaged (3ms)
			SetLoadedEditorAssemblies (3ms)
			BeforeProcessingInitializeOnLoad (76ms)
			ProcessInitializeOnLoadAttributes (297ms)
			ProcessInitializeOnLoadMethodAttributes (18ms)
			AfterProcessingInitializeOnLoad (10ms)
			EditorAssembliesLoaded (0ms)
		ExecutionOrderSort2 (0ms)
		AwakeInstancesAfterBackupRestoration (5ms)
Refreshing native plugins compatible for Editor in 1.23 ms, found 3 plugins.
Preloading 0 native plugins for Editor in 0.00 ms.
Unloading 0 Unused Serialized files (Serialized files now loaded: 0)
Unloading 3670 unused Assets / (0.9 MB). Loaded Objects now: 4176.
Memory consumption went from 96.3 MB to 95.4 MB.
Total: 5.191400 ms (FindLiveObjects: 0.381300 ms CreateObjectMapping: 0.223800 ms MarkObjects: 3.549100 ms  DeleteObjects: 1.036200 ms)

Prepare: number of updated asset objects reloaded= 0
========================================================================
Received Prepare
Begin MonoManager ReloadAssembly
- Loaded All Assemblies, in  0.581 seconds
Refreshing native plugins compatible for Editor in 1.09 ms, found 3 plugins.
Native extension for WindowsStandalone target not found
Native extension for WebGL target not found
Mono: successfully reloaded assembly
- Finished resetting the current domain, in  0.484 seconds
Domain Reload Profiling: 1061ms
	BeginReloadAssembly (180ms)
		ExecutionOrderSort (0ms)
		DisableScriptedObjects (5ms)
		BackupInstance (0ms)
		ReleaseScriptingObjects (0ms)
		CreateAndSetChildDomain (43ms)
	RebuildCommonClasses (29ms)
	RebuildNativeTypeToScriptingClass (13ms)
	initialDomainReloadingComplete (29ms)
	LoadAllAssembliesAndSetupDomain (327ms)
		LoadAssemblies (293ms)
		RebuildTransferFunctionScriptingTraits (0ms)
		AnalyzeDomain (127ms)
			TypeCache.Refresh (8ms)
				TypeCache.ScanAssembly (0ms)
			BuildScriptInfoCaches (111ms)
			ResolveRequiredComponents (5ms)
	FinalizeReload (484ms)
		ReleaseScriptCaches (0ms)
		RebuildScriptCaches (0ms)
		SetupLoadedEditorAssemblies (398ms)
			LogAssemblyErrors (0ms)
			InitializePlatformSupportModulesInManaged (2ms)
			SetLoadedEditorAssemblies (2ms)
			BeforeProcessingInitializeOnLoad (74ms)
			ProcessInitializeOnLoadAttributes (290ms)
			ProcessInitializeOnLoadMethodAttributes (20ms)
			AfterProcessingInitializeOnLoad (9ms)
			EditorAssembliesLoaded (0ms)
		ExecutionOrderSort2 (0ms)
		AwakeInstancesAfterBackupRestoration (5ms)
Refreshing native plugins compatible for Editor in 1.34 ms, found 3 plugins.
Preloading 0 native plugins for Editor in 0.00 ms.
Unloading 0 Unused Serialized files (Serialized files now loaded: 0)
Unloading 3670 unused Assets / (0.7 MB). Loaded Objects now: 4176.
Memory consumption went from 96.3 MB to 95.6 MB.
Total: 5.211000 ms (FindLiveObjects: 0.508400 ms CreateObjectMapping: 0.244600 ms MarkObjects: 3.747200 ms  DeleteObjects: 0.710100 ms)

Prepare: number of updated asset objects reloaded= 0
========================================================================
Received Import Request.
  Time since last request: 28.076955 seconds.
  path: Assets/TT_demo_male_B.prefab
  artifactKey: Guid(10af3e4c19356f140a5154e3e2486680) Importer(815301076,1909f56bfc062723c751e8b465ee728b)
Start importing Assets/TT_demo_male_B.prefab using Guid(10af3e4c19356f140a5154e3e2486680) Importer(815301076,1909f56bfc062723c751e8b465ee728b) (PreviewImporter) -> (artifact id: '465ce0743cda1ee6a56a639be205c4a8') in 0.0787874 seconds
Number of updated asset objects reloaded before import = 0Number of asset objects unloaded after import = 151

========================================================================
Received Import Request.
  Time since last request: 2.410631 seconds.
  path: Assets/TT_demo_male_B.prefab
  artifactKey: Guid(10af3e4c19356f140a5154e3e2486680) Importer(815301076,1909f56bfc062723c751e8b465ee728b)
Start importing Assets/TT_demo_male_B.prefab using Guid(10af3e4c19356f140a5154e3e2486680) Importer(815301076,1909f56bfc062723c751e8b465ee728b) (PreviewImporter) -> (artifact id: '50126300bf2945194eeed0376637e0c8') in 0.0149108 seconds
Number of updated asset objects reloaded before import = 0Number of asset objects unloaded after import = 151

========================================================================
Received Import Request.
  Time since last request: 2.701541 seconds.
  path: Assets/TT_demo_male_B.prefab
  artifactKey: Guid(10af3e4c19356f140a5154e3e2486680) Importer(815301076,1909f56bfc062723c751e8b465ee728b)
Start importing Assets/TT_demo_male_B.prefab using Guid(10af3e4c19356f140a5154e3e2486680) Importer(815301076,1909f56bfc062723c751e8b465ee728b) (PreviewImporter) -> (artifact id: '65aca9d68679e10dbf4374bcf9a7b134') in 0.0095552 seconds
Number of updated asset objects reloaded before import = 0Number of asset objects unloaded after import = 151

========================================================================
Received Prepare
Begin MonoManager ReloadAssembly
- Loaded All Assemblies, in  0.568 seconds
Refreshing native plugins compatible for Editor in 1.17 ms, found 3 plugins.
Native extension for WindowsStandalone target not found
Native extension for WebGL target not found
Mono: successfully reloaded assembly
- Finished resetting the current domain, in  0.526 seconds
Domain Reload Profiling: 1090ms
	BeginReloadAssembly (177ms)
		ExecutionOrderSort (0ms)
		DisableScriptedObjects (4ms)
		BackupInstance (0ms)
		ReleaseScriptingObjects (0ms)
		CreateAndSetChildDomain (44ms)
	RebuildCommonClasses (32ms)
	RebuildNativeTypeToScriptingClass (10ms)
	initialDomainReloadingComplete (25ms)
	LoadAllAssembliesAndSetupDomain (320ms)
		LoadAssemblies (283ms)
		RebuildTransferFunctionScriptingTraits (0ms)
		AnalyzeDomain (129ms)
			TypeCache.Refresh (6ms)
				TypeCache.ScanAssembly (0ms)
			BuildScriptInfoCaches (115ms)
			ResolveRequiredComponents (4ms)
	FinalizeReload (527ms)
		ReleaseScriptCaches (0ms)
		RebuildScriptCaches (0ms)
		SetupLoadedEditorAssemblies (427ms)
			LogAssemblyErrors (0ms)
			InitializePlatformSupportModulesInManaged (3ms)
			SetLoadedEditorAssemblies (3ms)
			BeforeProcessingInitializeOnLoad (85ms)
			ProcessInitializeOnLoadAttributes (306ms)
			ProcessInitializeOnLoadMethodAttributes (21ms)
			AfterProcessingInitializeOnLoad (10ms)
			EditorAssembliesLoaded (0ms)
		ExecutionOrderSort2 (0ms)
		AwakeInstancesAfterBackupRestoration (5ms)
Refreshing native plugins compatible for Editor in 1.49 ms, found 3 plugins.
Preloading 0 native plugins for Editor in 0.00 ms.
Unloading 0 Unused Serialized files (Serialized files now loaded: 0)
Unloading 3670 unused Assets / (0.7 MB). Loaded Objects now: 4176.
Memory consumption went from 96.4 MB to 95.7 MB.
Total: 5.180700 ms (FindLiveObjects: 0.373700 ms CreateObjectMapping: 0.271200 ms MarkObjects: 3.769600 ms  DeleteObjects: 0.765700 ms)

Prepare: number of updated asset objects reloaded= 0
